{"contracts/Token.sol":{"l":{"31":0,"32":0,"33":0,"41":0,"49":0,"57":0,"65":0,"75":0,"85":0,"91":0,"101":0,"104":0,"107":0,"122":0,"128":0,"134":0,"145":0,"155":0,"161":0,"171":0,"173":0,"185":0,"188":0,"191":0,"204":0,"209":0,"212":0,"215":0,"227":0,"230":0,"233":0,"245":0},"path":"/Users/jeeey/Workspace/Wise/simple-setup/contracts/Token.sol","s":{"1":0,"2":0,"3":0,"4":0,"5":0,"6":0,"7":0,"8":0,"9":0,"10":0,"11":0,"12":0,"13":0,"14":0,"15":0,"16":0,"17":0,"18":0,"19":0,"20":0},"b":{"1":[0,0]},"f":{"1":0,"2":0,"3":0,"4":0,"5":0,"6":0,"7":0,"8":0,"9":0,"10":0,"11":0,"12":0,"13":0,"14":0,"15":0,"16":0},"fnMap":{"1":{"name":"constructor","line":30,"loc":{"start":{"line":30,"column":4},"end":{"line":34,"column":4}}},"2":{"name":"name","line":36,"loc":{"start":{"line":36,"column":4},"end":{"line":42,"column":4}}},"3":{"name":"symbol","line":44,"loc":{"start":{"line":44,"column":4},"end":{"line":50,"column":4}}},"4":{"name":"decimals","line":52,"loc":{"start":{"line":52,"column":4},"end":{"line":58,"column":4}}},"5":{"name":"totalSupply","line":60,"loc":{"start":{"line":60,"column":4},"end":{"line":66,"column":4}}},"6":{"name":"balanceOf","line":68,"loc":{"start":{"line":68,"column":4},"end":{"line":76,"column":4}}},"7":{"name":"transfer","line":78,"loc":{"start":{"line":78,"column":4},"end":{"line":92,"column":4}}},"8":{"name":"_transfer","line":94,"loc":{"start":{"line":94,"column":4},"end":{"line":112,"column":4}}},"9":{"name":"transferFrom","line":114,"loc":{"start":{"line":114,"column":4},"end":{"line":135,"column":4}}},"10":{"name":"allowance","line":137,"loc":{"start":{"line":137,"column":4},"end":{"line":146,"column":4}}},"11":{"name":"approve","line":148,"loc":{"start":{"line":148,"column":4},"end":{"line":162,"column":4}}},"12":{"name":"_approve","line":164,"loc":{"start":{"line":164,"column":4},"end":{"line":178,"column":4}}},"13":{"name":"mint","line":180,"loc":{"start":{"line":180,"column":4},"end":{"line":196,"column":4}}},"14":{"name":"mintByMaster","line":198,"loc":{"start":{"line":198,"column":4},"end":{"line":220,"column":4}}},"15":{"name":"burn","line":222,"loc":{"start":{"line":222,"column":4},"end":{"line":238,"column":4}}},"16":{"name":"_msgSender","line":240,"loc":{"start":{"line":240,"column":4},"end":{"line":246,"column":4}}}},"statementMap":{"1":{"start":{"line":41,"column":8},"end":{"line":41,"column":20}},"2":{"start":{"line":49,"column":8},"end":{"line":49,"column":22}},"3":{"start":{"line":57,"column":8},"end":{"line":57,"column":24}},"4":{"start":{"line":65,"column":8},"end":{"line":65,"column":27}},"5":{"start":{"line":75,"column":8},"end":{"line":75,"column":34}},"6":{"start":{"line":85,"column":8},"end":{"line":85,"column":1547}},"7":{"start":{"line":91,"column":8},"end":{"line":91,"column":19}},"8":{"start":{"line":107,"column":8},"end":{"line":107,"column":1949}},"9":{"start":{"line":122,"column":8},"end":{"line":122,"column":2210}},"10":{"start":{"line":128,"column":8},"end":{"line":128,"column":2344}},"11":{"start":{"line":134,"column":8},"end":{"line":134,"column":19}},"12":{"start":{"line":145,"column":8},"end":{"line":145,"column":44}},"13":{"start":{"line":155,"column":8},"end":{"line":155,"column":2786}},"14":{"start":{"line":161,"column":8},"end":{"line":161,"column":19}},"15":{"start":{"line":173,"column":8},"end":{"line":173,"column":3089}},"16":{"start":{"line":191,"column":8},"end":{"line":191,"column":3398}},"17":{"start":{"line":204,"column":8},"end":{"line":204,"column":3614}},"18":{"start":{"line":215,"column":8},"end":{"line":215,"column":3842}},"19":{"start":{"line":233,"column":8},"end":{"line":233,"column":4155}},"20":{"start":{"line":245,"column":8},"end":{"line":245,"column":25}}},"branchMap":{"1":{"line":204,"type":"if","locations":[{"start":{"line":204,"column":8},"end":{"line":204,"column":8}},{"start":{"line":204,"column":8},"end":{"line":204,"column":8}}]}}},"contracts/TokenKeeper.sol":{"l":{"24":0,"28":0,"50":0,"51":0,"54":0,"55":0,"58":0,"59":0,"62":0,"63":0,"64":0,"76":0,"77":0,"95":0,"100":0,"104":0,"108":0,"110":0,"111":0,"114":0,"117":0,"121":0,"133":0,"143":0,"147":0,"149":0,"154":0,"168":0,"172":0,"185":0,"189":0,"198":0,"205":0,"215":0,"241":0,"243":0,"251":0,"266":0,"273":0},"path":"/Users/jeeey/Workspace/Wise/simple-setup/contracts/TokenKeeper.sol","s":{"1":0,"2":0,"3":0,"4":0,"5":0,"6":0,"7":0,"8":0,"9":0,"10":0,"11":0,"12":0,"13":0,"14":0,"15":0,"16":0,"17":0,"18":0,"19":0,"20":0,"21":0,"22":0,"23":0},"b":{"1":[0,0],"2":[0,0],"3":[0,0],"4":[0,0],"5":[0,0],"6":[0,0],"7":[0,0],"8":[0,0],"9":[0,0],"10":[0,0],"11":[0,0],"12":[0,0],"13":[0,0]},"f":{"1":0,"2":0,"3":0,"4":0,"5":0,"6":0,"7":0,"8":0,"9":0,"10":0,"11":0,"12":0,"13":0},"fnMap":{"1":{"name":"onlyTokenKeeper","line":23,"loc":{"start":{"line":23,"column":4},"end":{"line":29,"column":4}}},"2":{"name":"constructor","line":45,"loc":{"start":{"line":45,"column":4},"end":{"line":65,"column":4}}},"3":{"name":"allocateTokensBulk","line":74,"loc":{"start":{"line":67,"column":4},"end":{"line":84,"column":4}}},"4":{"name":"allocateTokens","line":93,"loc":{"start":{"line":86,"column":4},"end":{"line":128,"column":4}}},"5":{"name":"scrapeMyTokens","line":130,"loc":{"start":{"line":130,"column":4},"end":{"line":136,"column":4}}},"6":{"name":"_scrapeTokens","line":138,"loc":{"start":{"line":138,"column":4},"end":{"line":159,"column":4}}},"7":{"name":"availableBalance","line":161,"loc":{"start":{"line":161,"column":4},"end":{"line":176,"column":4}}},"8":{"name":"lockedBalance","line":178,"loc":{"start":{"line":178,"column":4},"end":{"line":191,"column":4}}},"9":{"name":"getNow","line":193,"loc":{"start":{"line":193,"column":4},"end":{"line":199,"column":4}}},"10":{"name":"renounceOwnership","line":203,"loc":{"start":{"line":201,"column":4},"end":{"line":206,"column":4}}},"11":{"name":"_diff","line":208,"loc":{"start":{"line":208,"column":4},"end":{"line":217,"column":4}}},"12":{"name":"_safeTokenScrape","line":235,"loc":{"start":{"line":235,"column":4},"end":{"line":259,"column":4}}},"13":{"name":"_checkTokenBalance","line":261,"loc":{"start":{"line":261,"column":4},"end":{"line":279,"column":4}}}},"statementMap":{"1":{"start":{"line":24,"column":8},"end":{"line":24,"column":513}},"2":{"start":{"line":50,"column":8},"end":{"line":50,"column":1060}},"3":{"start":{"line":51,"column":12},"end":{"line":51,"column":48}},"4":{"start":{"line":54,"column":8},"end":{"line":54,"column":1164}},"5":{"start":{"line":55,"column":12},"end":{"line":55,"column":51}},"6":{"start":{"line":58,"column":8},"end":{"line":58,"column":1263}},"7":{"start":{"line":59,"column":12},"end":{"line":59,"column":47}},"8":{"start":{"line":76,"column":8},"end":{"line":76,"column":1726}},"9":{"start":{"line":77,"column":12},"end":{"line":77,"column":1793}},"10":{"start":{"line":95,"column":8},"end":{"line":95,"column":2172}},"11":{"start":{"line":104,"column":8},"end":{"line":104,"column":2383}},"12":{"start":{"line":108,"column":8},"end":{"line":108,"column":36}},"13":{"start":{"line":121,"column":8},"end":{"line":121,"column":2826}},"14":{"start":{"line":133,"column":8},"end":{"line":133,"column":3051}},"15":{"start":{"line":143,"column":8},"end":{"line":143,"column":3199}},"16":{"start":{"line":149,"column":8},"end":{"line":149,"column":3345}},"17":{"start":{"line":154,"column":8},"end":{"line":154,"column":3433}},"18":{"start":{"line":168,"column":8},"end":{"line":168,"column":3749}},"19":{"start":{"line":185,"column":8},"end":{"line":185,"column":4218}},"20":{"start":{"line":243,"column":8},"end":{"line":243,"column":5339}},"21":{"start":{"line":251,"column":8},"end":{"line":251,"column":5540}},"22":{"start":{"line":266,"column":8},"end":{"line":266,"column":5845}},"23":{"start":{"line":273,"column":8},"end":{"line":273,"column":6026}}},"branchMap":{"1":{"line":24,"type":"if","locations":[{"start":{"line":24,"column":8},"end":{"line":24,"column":8}},{"start":{"line":24,"column":8},"end":{"line":24,"column":8}}]},"2":{"line":50,"type":"if","locations":[{"start":{"line":50,"column":8},"end":{"line":50,"column":8}},{"start":{"line":50,"column":8},"end":{"line":50,"column":8}}]},"3":{"line":54,"type":"if","locations":[{"start":{"line":54,"column":8},"end":{"line":54,"column":8}},{"start":{"line":54,"column":8},"end":{"line":54,"column":8}}]},"4":{"line":58,"type":"if","locations":[{"start":{"line":58,"column":8},"end":{"line":58,"column":8}},{"start":{"line":58,"column":8},"end":{"line":58,"column":8}}]},"5":{"line":74,"type":"if","locations":[{"start":{"line":74,"column":8},"end":{"line":74,"column":8}},{"start":{"line":74,"column":8},"end":{"line":74,"column":8}}]},"6":{"line":93,"type":"if","locations":[{"start":{"line":93,"column":8},"end":{"line":93,"column":8}},{"start":{"line":93,"column":8},"end":{"line":93,"column":8}}]},"7":{"line":95,"type":"if","locations":[{"start":{"line":95,"column":8},"end":{"line":95,"column":8}},{"start":{"line":95,"column":8},"end":{"line":95,"column":8}}]},"8":{"line":170,"type":"if","locations":[{"start":{"line":170,"column":12},"end":{"line":170,"column":55}},{"start":{"line":170,"column":59},"end":{"line":170,"column":75}}]},"9":{"line":187,"type":"if","locations":[{"start":{"line":187,"column":12},"end":{"line":187,"column":55}},{"start":{"line":187,"column":59},"end":{"line":187,"column":59}}]},"10":{"line":203,"type":"if","locations":[{"start":{"line":203,"column":8},"end":{"line":203,"column":8}},{"start":{"line":203,"column":8},"end":{"line":203,"column":8}}]},"11":{"line":251,"type":"if","locations":[{"start":{"line":251,"column":8},"end":{"line":251,"column":8}},{"start":{"line":251,"column":8},"end":{"line":251,"column":8}}]},"12":{"line":253,"type":"cond-expr","locations":[{"start":{"line":253,"column":16},"end":{"line":253,"column":31}},{"start":{"line":253,"column":36},"end":{"line":255,"column":16}}]},"13":{"line":273,"type":"if","locations":[{"start":{"line":273,"column":8},"end":{"line":273,"column":8}},{"start":{"line":273,"column":8},"end":{"line":273,"column":8}}]}}},"contracts/WrappedEther.sol":{"l":{"37":0,"44":0,"47":0,"58":0,"61":0,"63":0,"74":0,"84":0,"85":0,"86":0,"96":0,"99":0,"102":0,"108":0,"119":0,"122":0,"125":0,"128":0,"134":0},"path":"/Users/jeeey/Workspace/Wise/simple-setup/contracts/WrappedEther.sol","s":{"1":0,"2":0,"3":0,"4":0,"5":0,"6":0,"7":0,"8":0,"9":0,"10":0},"b":{},"f":{"1":0,"2":0,"3":0,"4":0,"5":0,"6":0},"fnMap":{"1":{"name":"deposit","line":40,"loc":{"start":{"line":40,"column":4},"end":{"line":51,"column":4}}},"2":{"name":"withdraw","line":53,"loc":{"start":{"line":53,"column":4},"end":{"line":67,"column":4}}},"3":{"name":"totalSupply","line":69,"loc":{"start":{"line":69,"column":4},"end":{"line":75,"column":4}}},"4":{"name":"approve","line":77,"loc":{"start":{"line":77,"column":4},"end":{"line":87,"column":4}}},"5":{"name":"transfer","line":89,"loc":{"start":{"line":89,"column":4},"end":{"line":109,"column":4}}},"6":{"name":"transferFrom","line":111,"loc":{"start":{"line":111,"column":4},"end":{"line":135,"column":4}}}},"statementMap":{"1":{"start":{"line":47,"column":8},"end":{"line":47,"column":904}},"2":{"start":{"line":61,"column":8},"end":{"line":61,"column":41}},"3":{"start":{"line":63,"column":8},"end":{"line":63,"column":1177}},"4":{"start":{"line":74,"column":8},"end":{"line":74,"column":36}},"5":{"start":{"line":85,"column":8},"end":{"line":85,"column":45}},"6":{"start":{"line":86,"column":8},"end":{"line":86,"column":19}},"7":{"start":{"line":102,"column":8},"end":{"line":102,"column":1875}},"8":{"start":{"line":108,"column":8},"end":{"line":108,"column":19}},"9":{"start":{"line":128,"column":8},"end":{"line":128,"column":2342}},"10":{"start":{"line":134,"column":8},"end":{"line":134,"column":19}}},"branchMap":{}}}