{"contracts/Token.sol":{"l":{"31":26,"32":26,"33":26,"41":1,"49":1,"57":1,"65":5,"75":18,"85":6,"91":4,"101":8,"104":6,"107":6,"122":6,"128":2,"134":2,"145":2,"155":5,"161":5,"171":7,"173":7,"185":2,"188":2,"191":2,"204":4,"209":2,"212":2,"215":2,"227":2,"230":2,"233":2,"245":39},"path":"/Users/vm06007/Development/simple-setup/contracts/Token.sol","s":{"1":1,"2":1,"3":1,"4":5,"5":18,"6":6,"7":4,"8":6,"9":6,"10":2,"11":2,"12":2,"13":5,"14":5,"15":7,"16":2,"17":4,"18":2,"19":2,"20":39},"b":{"1":[2,2]},"f":{"1":26,"2":1,"3":1,"4":1,"5":5,"6":18,"7":6,"8":8,"9":6,"10":2,"11":5,"12":7,"13":2,"14":4,"15":2,"16":39},"fnMap":{"1":{"name":"constructor","line":30,"loc":{"start":{"line":30,"column":4},"end":{"line":34,"column":4}}},"2":{"name":"name","line":36,"loc":{"start":{"line":36,"column":4},"end":{"line":42,"column":4}}},"3":{"name":"symbol","line":44,"loc":{"start":{"line":44,"column":4},"end":{"line":50,"column":4}}},"4":{"name":"decimals","line":52,"loc":{"start":{"line":52,"column":4},"end":{"line":58,"column":4}}},"5":{"name":"totalSupply","line":60,"loc":{"start":{"line":60,"column":4},"end":{"line":66,"column":4}}},"6":{"name":"balanceOf","line":68,"loc":{"start":{"line":68,"column":4},"end":{"line":76,"column":4}}},"7":{"name":"transfer","line":78,"loc":{"start":{"line":78,"column":4},"end":{"line":92,"column":4}}},"8":{"name":"_transfer","line":94,"loc":{"start":{"line":94,"column":4},"end":{"line":112,"column":4}}},"9":{"name":"transferFrom","line":114,"loc":{"start":{"line":114,"column":4},"end":{"line":135,"column":4}}},"10":{"name":"allowance","line":137,"loc":{"start":{"line":137,"column":4},"end":{"line":146,"column":4}}},"11":{"name":"approve","line":148,"loc":{"start":{"line":148,"column":4},"end":{"line":162,"column":4}}},"12":{"name":"_approve","line":164,"loc":{"start":{"line":164,"column":4},"end":{"line":178,"column":4}}},"13":{"name":"mint","line":180,"loc":{"start":{"line":180,"column":4},"end":{"line":196,"column":4}}},"14":{"name":"mintByMaster","line":198,"loc":{"start":{"line":198,"column":4},"end":{"line":220,"column":4}}},"15":{"name":"burn","line":222,"loc":{"start":{"line":222,"column":4},"end":{"line":238,"column":4}}},"16":{"name":"_msgSender","line":240,"loc":{"start":{"line":240,"column":4},"end":{"line":246,"column":4}}}},"statementMap":{"1":{"start":{"line":41,"column":8},"end":{"line":41,"column":20}},"2":{"start":{"line":49,"column":8},"end":{"line":49,"column":22}},"3":{"start":{"line":57,"column":8},"end":{"line":57,"column":24}},"4":{"start":{"line":65,"column":8},"end":{"line":65,"column":27}},"5":{"start":{"line":75,"column":8},"end":{"line":75,"column":34}},"6":{"start":{"line":85,"column":8},"end":{"line":85,"column":1547}},"7":{"start":{"line":91,"column":8},"end":{"line":91,"column":19}},"8":{"start":{"line":107,"column":8},"end":{"line":107,"column":1949}},"9":{"start":{"line":122,"column":8},"end":{"line":122,"column":2210}},"10":{"start":{"line":128,"column":8},"end":{"line":128,"column":2344}},"11":{"start":{"line":134,"column":8},"end":{"line":134,"column":19}},"12":{"start":{"line":145,"column":8},"end":{"line":145,"column":44}},"13":{"start":{"line":155,"column":8},"end":{"line":155,"column":2786}},"14":{"start":{"line":161,"column":8},"end":{"line":161,"column":19}},"15":{"start":{"line":173,"column":8},"end":{"line":173,"column":3089}},"16":{"start":{"line":191,"column":8},"end":{"line":191,"column":3398}},"17":{"start":{"line":204,"column":8},"end":{"line":204,"column":3614}},"18":{"start":{"line":215,"column":8},"end":{"line":215,"column":3842}},"19":{"start":{"line":233,"column":8},"end":{"line":233,"column":4155}},"20":{"start":{"line":245,"column":8},"end":{"line":245,"column":25}}},"branchMap":{"1":{"line":204,"type":"if","locations":[{"start":{"line":204,"column":8},"end":{"line":204,"column":8}},{"start":{"line":204,"column":8},"end":{"line":204,"column":8}}]}}},"contracts/WrappedEther.sol":{"l":{"37":3,"44":17,"47":17,"58":2,"61":2,"63":2,"74":1,"84":4,"85":4,"86":4,"96":5,"99":3,"102":3,"108":3,"119":6,"122":2,"125":2,"128":2,"134":2},"path":"/Users/vm06007/Development/simple-setup/contracts/WrappedEther.sol","s":{"1":17,"2":2,"3":2,"4":1,"5":4,"6":4,"7":3,"8":3,"9":2,"10":2},"b":{},"f":{"1":17,"2":2,"3":1,"4":4,"5":5,"6":6},"fnMap":{"1":{"name":"deposit","line":40,"loc":{"start":{"line":40,"column":4},"end":{"line":51,"column":4}}},"2":{"name":"withdraw","line":53,"loc":{"start":{"line":53,"column":4},"end":{"line":67,"column":4}}},"3":{"name":"totalSupply","line":69,"loc":{"start":{"line":69,"column":4},"end":{"line":75,"column":4}}},"4":{"name":"approve","line":77,"loc":{"start":{"line":77,"column":4},"end":{"line":87,"column":4}}},"5":{"name":"transfer","line":89,"loc":{"start":{"line":89,"column":4},"end":{"line":109,"column":4}}},"6":{"name":"transferFrom","line":111,"loc":{"start":{"line":111,"column":4},"end":{"line":135,"column":4}}}},"statementMap":{"1":{"start":{"line":47,"column":8},"end":{"line":47,"column":904}},"2":{"start":{"line":61,"column":8},"end":{"line":61,"column":41}},"3":{"start":{"line":63,"column":8},"end":{"line":63,"column":1177}},"4":{"start":{"line":74,"column":8},"end":{"line":74,"column":36}},"5":{"start":{"line":85,"column":8},"end":{"line":85,"column":45}},"6":{"start":{"line":86,"column":8},"end":{"line":86,"column":19}},"7":{"start":{"line":102,"column":8},"end":{"line":102,"column":1875}},"8":{"start":{"line":108,"column":8},"end":{"line":108,"column":19}},"9":{"start":{"line":128,"column":8},"end":{"line":128,"column":2342}},"10":{"start":{"line":134,"column":8},"end":{"line":134,"column":19}}},"branchMap":{}}}