TN:
SF:/Users/vm06007/Development/simple-project/contracts/Token.sol
FN:30,constructor
FN:36,name
FN:44,symbol
FN:52,decimals
FN:60,totalSupply
FN:68,balanceOf
FN:78,transfer
FN:94,_transfer
FN:114,transferFrom
FN:137,allowance
FN:148,approve
FN:164,_approve
FN:180,mint
FN:198,mintByMaster
FN:222,burn
FN:240,_msgSender
FNF:16
FNH:16
FNDA:26,constructor
FNDA:1,name
FNDA:1,symbol
FNDA:1,decimals
FNDA:5,totalSupply
FNDA:18,balanceOf
FNDA:6,transfer
FNDA:8,_transfer
FNDA:6,transferFrom
FNDA:2,allowance
FNDA:5,approve
FNDA:7,_approve
FNDA:2,mint
FNDA:4,mintByMaster
FNDA:2,burn
FNDA:39,_msgSender
DA:31,26
DA:32,26
DA:33,26
DA:41,1
DA:49,1
DA:57,1
DA:65,5
DA:75,18
DA:85,6
DA:91,4
DA:101,8
DA:104,6
DA:107,6
DA:122,6
DA:128,2
DA:134,2
DA:145,2
DA:155,5
DA:161,5
DA:171,7
DA:173,7
DA:185,2
DA:188,2
DA:191,2
DA:204,4
DA:209,2
DA:212,2
DA:215,2
DA:227,2
DA:230,2
DA:233,2
DA:245,39
LF:32
LH:32
BRDA:204,1,0,2
BRDA:204,1,1,2
BRF:2
BRH:2
end_of_record
TN:
SF:/Users/vm06007/Development/simple-project/contracts/WrappedEther.sol
FN:40,deposit
FN:53,withdraw
FN:69,totalSupply
FN:77,approve
FN:89,transfer
FN:111,transferFrom
FNF:6
FNH:6
FNDA:17,deposit
FNDA:2,withdraw
FNDA:1,totalSupply
FNDA:4,approve
FNDA:5,transfer
FNDA:6,transferFrom
DA:37,3
DA:44,17
DA:47,17
DA:58,2
DA:61,2
DA:63,2
DA:74,1
DA:84,4
DA:85,4
DA:86,4
DA:96,5
DA:99,3
DA:102,3
DA:108,3
DA:119,6
DA:122,2
DA:125,2
DA:128,2
DA:134,2
LF:19
LH:19
BRF:0
BRH:0
end_of_record
