TN:
SF:/Users/jeeey/Workspace/Wise/simple-setup/contracts/Token.sol
FN:30,constructor
FN:36,name
FN:44,symbol
FN:52,decimals
FN:60,totalSupply
FN:68,balanceOf
FN:78,transfer
FN:94,_transfer
FN:114,transferFrom
FN:137,allowance
FN:148,approve
FN:164,_approve
FN:180,mint
FN:198,mintByMaster
FN:222,burn
FN:240,_msgSender
FNF:16
FNH:0
FNDA:0,constructor
FNDA:0,name
FNDA:0,symbol
FNDA:0,decimals
FNDA:0,totalSupply
FNDA:0,balanceOf
FNDA:0,transfer
FNDA:0,_transfer
FNDA:0,transferFrom
FNDA:0,allowance
FNDA:0,approve
FNDA:0,_approve
FNDA:0,mint
FNDA:0,mintByMaster
FNDA:0,burn
FNDA:0,_msgSender
DA:31,0
DA:32,0
DA:33,0
DA:41,0
DA:49,0
DA:57,0
DA:65,0
DA:75,0
DA:85,0
DA:91,0
DA:101,0
DA:104,0
DA:107,0
DA:122,0
DA:128,0
DA:134,0
DA:145,0
DA:155,0
DA:161,0
DA:171,0
DA:173,0
DA:185,0
DA:188,0
DA:191,0
DA:204,0
DA:209,0
DA:212,0
DA:215,0
DA:227,0
DA:230,0
DA:233,0
DA:245,0
LF:32
LH:0
BRDA:204,1,0,0
BRDA:204,1,1,0
BRF:2
BRH:0
end_of_record
TN:
SF:/Users/jeeey/Workspace/Wise/simple-setup/contracts/TokenKeeper.sol
FN:23,onlyTokenKeeper
FN:45,constructor
FN:74,allocateTokensBulk
FN:93,allocateTokens
FN:130,scrapeMyTokens
FN:138,_scrapeTokens
FN:161,availableBalance
FN:178,lockedBalance
FN:193,getNow
FN:203,renounceOwnership
FN:208,_diff
FN:235,_safeTokenScrape
FN:261,_checkTokenBalance
FNF:13
FNH:0
FNDA:0,onlyTokenKeeper
FNDA:0,constructor
FNDA:0,allocateTokensBulk
FNDA:0,allocateTokens
FNDA:0,scrapeMyTokens
FNDA:0,_scrapeTokens
FNDA:0,availableBalance
FNDA:0,lockedBalance
FNDA:0,getNow
FNDA:0,renounceOwnership
FNDA:0,_diff
FNDA:0,_safeTokenScrape
FNDA:0,_checkTokenBalance
DA:24,0
DA:28,0
DA:50,0
DA:51,0
DA:54,0
DA:55,0
DA:58,0
DA:59,0
DA:62,0
DA:63,0
DA:64,0
DA:76,0
DA:77,0
DA:95,0
DA:100,0
DA:104,0
DA:108,0
DA:110,0
DA:111,0
DA:114,0
DA:117,0
DA:121,0
DA:133,0
DA:143,0
DA:147,0
DA:149,0
DA:154,0
DA:168,0
DA:172,0
DA:185,0
DA:189,0
DA:198,0
DA:205,0
DA:215,0
DA:241,0
DA:243,0
DA:251,0
DA:266,0
DA:273,0
LF:39
LH:0
BRDA:24,1,0,0
BRDA:24,1,1,0
BRDA:50,2,0,0
BRDA:50,2,1,0
BRDA:54,3,0,0
BRDA:54,3,1,0
BRDA:58,4,0,0
BRDA:58,4,1,0
BRDA:74,5,0,0
BRDA:74,5,1,0
BRDA:93,6,0,0
BRDA:93,6,1,0
BRDA:95,7,0,0
BRDA:95,7,1,0
BRDA:170,8,0,0
BRDA:170,8,1,0
BRDA:187,9,0,0
BRDA:187,9,1,0
BRDA:203,10,0,0
BRDA:203,10,1,0
BRDA:251,11,0,0
BRDA:251,11,1,0
BRDA:253,12,0,0
BRDA:253,12,1,0
BRDA:273,13,0,0
BRDA:273,13,1,0
BRF:26
BRH:0
end_of_record
TN:
SF:/Users/jeeey/Workspace/Wise/simple-setup/contracts/WrappedEther.sol
FN:40,deposit
FN:53,withdraw
FN:69,totalSupply
FN:77,approve
FN:89,transfer
FN:111,transferFrom
FNF:6
FNH:0
FNDA:0,deposit
FNDA:0,withdraw
FNDA:0,totalSupply
FNDA:0,approve
FNDA:0,transfer
FNDA:0,transferFrom
DA:37,0
DA:44,0
DA:47,0
DA:58,0
DA:61,0
DA:63,0
DA:74,0
DA:84,0
DA:85,0
DA:86,0
DA:96,0
DA:99,0
DA:102,0
DA:108,0
DA:119,0
DA:122,0
DA:125,0
DA:128,0
DA:134,0
LF:19
LH:0
BRF:0
BRH:0
end_of_record
